{"method":"GET","route":"/health","statusCode":200,"durationMs":6.157791999999972}
{"method":"GET","route":"/health","statusCode":200,"durationMs":0.41606400000000576}
{"method":"GET","route":"/health","statusCode":200,"durationMs":0.4420959999999923}
{"method":"GET","route":"/health","statusCode":200,"durationMs":0.23315100000002076}
{"method":"GET","route":"/health","statusCode":200,"durationMs":0.3900390000000016}
{"method":"GET","route":"/health","statusCode":200,"durationMs":0.215652000000091}
{"method":"GET","route":"/health","statusCode":200,"durationMs":0.2948470000000043}
{"method":"GET","route":"/health","statusCode":200,"durationMs":0.17903999999998632}
{"method":"GET","route":"/health","statusCode":200,"durationMs":0.36033400000007987}
{"method":"GET","route":"/health","statusCode":200,"durationMs":0.3105689999999868}
{"method":"GET","route":"/health","statusCode":200,"durationMs":0.40922299999999723}
{"method":"GET","route":"/health","statusCode":200,"durationMs":0.16691800000000967}
{"method":"GET","route":"/health","statusCode":200,"durationMs":0.3243609999999535}
{"method":"GET","route":"/health","statusCode":200,"durationMs":0.15241899999989528}
{"method":"GET","route":"/health","statusCode":200,"durationMs":0.19202900000004774}
{"method":"GET","route":"/health","statusCode":200,"durationMs":0.1253990000000158}
{"method":"GET","route":"/health","statusCode":200,"durationMs":0.36851899999999205}
{"method":"GET","route":"/health","statusCode":200,"durationMs":0.14195700000004763}
{"method":"GET","route":"/health","statusCode":200,"durationMs":0.34358799999995426}
{"method":"GET","route":"/health","statusCode":200,"durationMs":0.14257599999996273}
{"method":"GET","route":"/health","statusCode":200,"durationMs":0.11646400000006452}
{"method":"GET","route":"/health","statusCode":200,"durationMs":0.35110899999995127}
{"method":"GET","route":"/health","statusCode":200,"durationMs":0.2306069999999636}
{"method":"GET","route":"/health","statusCode":200,"durationMs":0.10772799999995186}
{"method":"GET","route":"/health","statusCode":200,"durationMs":0.2202310000000125}
{"method":"GET","route":"/health","statusCode":200,"durationMs":0.1076300000000856}
{"method":"GET","route":"/health","statusCode":200,"durationMs":0.22995300000002317}
{"method":"GET","route":"/health","statusCode":200,"durationMs":0.10477800000001025}
{"method":"GET","route":"/health","statusCode":200,"durationMs":0.11631699999998091}
{"method":"GET","route":"/health","statusCode":200,"durationMs":0.11147100000005139}
{"method":"GET","route":"/health","statusCode":200,"durationMs":0.13615100000004077}
{"method":"GET","route":"/health","statusCode":200,"durationMs":0.3668639999999641}
{"method":"GET","route":"/health","statusCode":200,"durationMs":0.16824500000006992}
{"method":"GET","route":"/health","statusCode":200,"durationMs":0.23529100000007475}
{"method":"GET","route":"/health","statusCode":200,"durationMs":0.22832499999992706}
{"method":"GET","route":"/health","statusCode":200,"durationMs":0.10699600000009468}
{"method":"GET","route":"/health","statusCode":200,"durationMs":0.09540199999992183}
{"method":"GET","route":"/health","statusCode":200,"durationMs":0.09395000000006348}
{"method":"GET","route":"/health","statusCode":200,"durationMs":0.26810199999999895}
{"method":"GET","route":"/health","statusCode":200,"durationMs":0.09932600000001912}
{"method":"GET","route":"/health","statusCode":200,"durationMs":0.09713099999999031}
{"method":"GET","route":"/health","statusCode":200,"durationMs":0.10161299999992934}
{"method":"GET","route":"/health","statusCode":200,"durationMs":0.0830190000000357}
{"method":"GET","route":"/health","statusCode":200,"durationMs":0.07947200000000976}
{"method":"GET","route":"/health","statusCode":200,"durationMs":0.0788639999999532}
{"method":"GET","route":"/health","statusCode":200,"durationMs":0.09658999999999196}
{"method":"GET","route":"/health","statusCode":200,"durationMs":0.13965999999993528}
{"method":"GET","route":"/health","statusCode":200,"durationMs":0.08104200000002493}
{"method":"GET","route":"/health","statusCode":200,"durationMs":0.09892999999999574}
{"method":"GET","route":"/health","statusCode":200,"durationMs":0.08047599999997601}
{"method":"GET","route":"/health","statusCode":200,"durationMs":0.10417200000006233}
{"method":"GET","route":"/health","statusCode":200,"durationMs":0.2110609999999724}
{"method":"GET","route":"/health","statusCode":200,"durationMs":0.08685100000002421}
{"method":"GET","route":"/health","statusCode":200,"durationMs":0.08035799999993287}
{"method":"GET","route":"/health","statusCode":200,"durationMs":0.13258700000005774}
{"method":"GET","route":"/health","statusCode":200,"durationMs":0.08863700000006247}
{"method":"GET","route":"/health","statusCode":200,"durationMs":0.09427900000002865}
{"method":"GET","route":"/health","statusCode":200,"durationMs":0.1023330000000442}
{"method":"GET","route":"/health","statusCode":200,"durationMs":0.0899419999999509}
{"method":"GET","route":"/health","statusCode":200,"durationMs":0.08173499999998057}
{"method":"GET","route":"/health","statusCode":200,"durationMs":0.07514400000002297}
{"method":"GET","route":"/health","statusCode":200,"durationMs":0.07634699999994154}
{"method":"GET","route":"/health","statusCode":200,"durationMs":0.08257100000002993}
{"method":"GET","route":"/health","statusCode":200,"durationMs":0.09293900000000122}
{"method":"GET","route":"/health","statusCode":200,"durationMs":0.16224099999999453}
{"method":"GET","route":"/health","statusCode":200,"durationMs":0.11771099999998569}
{"method":"GET","route":"/health","statusCode":200,"durationMs":0.10045300000001589}
{"method":"GET","route":"/health","statusCode":200,"durationMs":0.07668999999998505}
{"method":"GET","route":"/health","statusCode":200,"durationMs":0.11265600000001541}
{"method":"GET","route":"/health","statusCode":200,"durationMs":0.09233899999992445}
{"method":"GET","route":"/health","statusCode":200,"durationMs":0.07833999999991192}
{"method":"GET","route":"/health","statusCode":200,"durationMs":0.07539699999995264}
{"method":"GET","route":"/health","statusCode":200,"durationMs":0.077246999999943}
{"method":"GET","route":"/health","statusCode":200,"durationMs":0.08551899999997659}
{"method":"GET","route":"/health","statusCode":200,"durationMs":0.07539399999996022}
{"method":"GET","route":"/health","statusCode":200,"durationMs":0.06914700000004359}
{"method":"GET","route":"/health","statusCode":200,"durationMs":0.071454000000017}
{"method":"GET","route":"/health","statusCode":200,"durationMs":0.07864599999993516}
{"method":"GET","route":"/health","statusCode":200,"durationMs":0.0942569999999705}
{"method":"GET","route":"/health","statusCode":200,"durationMs":0.07684099999994487}
{"method":"GET","route":"/health","statusCode":200,"durationMs":0.07220200000006116}
{"method":"GET","route":"/health","statusCode":200,"durationMs":15.052647999999976}
{"method":"GET","route":"/health","statusCode":200,"durationMs":0.1694199999999455}
{"method":"GET","route":"/health","statusCode":200,"durationMs":0.11878200000001016}
{"method":"GET","route":"/health","statusCode":200,"durationMs":0.09373399999992671}
{"method":"GET","route":"/health","statusCode":200,"durationMs":0.09084200000006604}
{"method":"GET","route":"/health","statusCode":200,"durationMs":0.07796599999994669}
{"method":"GET","route":"/health","statusCode":200,"durationMs":0.07665800000006584}
{"method":"GET","route":"/health","statusCode":200,"durationMs":0.1087040000001025}
{"method":"GET","route":"/health","statusCode":200,"durationMs":0.07513600000004317}
{"method":"GET","route":"/health","statusCode":200,"durationMs":0.07449899999994614}
{"method":"GET","route":"/health","statusCode":200,"durationMs":0.06964700000003177}
{"method":"GET","route":"/health","statusCode":200,"durationMs":0.08852300000000923}
{"method":"GET","route":"/health","statusCode":200,"durationMs":0.12615299999993113}
{"method":"GET","route":"/health","statusCode":200,"durationMs":0.08910200000002533}
{"method":"GET","route":"/health","statusCode":200,"durationMs":0.08778899999992973}
{"method":"GET","route":"/health","statusCode":200,"durationMs":0.11451999999997042}
{"method":"GET","route":"/health","statusCode":200,"durationMs":0.08892900000000736}
{"method":"GET","route":"/health","statusCode":200,"durationMs":0.09237899999993715}
{"method":"GET","route":"/health","statusCode":200,"durationMs":0.0759970000000294}
{"method":"GET","route":"/health","statusCode":200,"durationMs":0.09462399999995341}
{"method":"GET","route":"/health","statusCode":200,"durationMs":0.07841900000005353}
{"method":"GET","route":"/health","statusCode":200,"durationMs":0.10914900000000216}
{"method":"GET","route":"/health","statusCode":200,"durationMs":0.08451999999999771}
{"method":"GET","route":"/health","statusCode":200,"durationMs":0.07225599999992482}
{"method":"GET","route":"/health","statusCode":200,"durationMs":0.08302900000001046}
{"method":"GET","route":"/health","statusCode":200,"durationMs":0.16962100000000646}
{"method":"GET","route":"/health","statusCode":200,"durationMs":0.08000200000003588}
{"method":"GET","route":"/health","statusCode":200,"durationMs":0.07193800000004558}
{"method":"GET","route":"/health","statusCode":200,"durationMs":0.09587499999997817}
{"method":"GET","route":"/health","statusCode":200,"durationMs":0.11036599999999908}
{"method":"GET","route":"/health","statusCode":200,"durationMs":0.07986600000003818}
{"method":"GET","route":"/health","statusCode":200,"durationMs":0.07138199999997141}
{"method":"GET","route":"/health","statusCode":200,"durationMs":0.08150699999998778}
{"method":"GET","route":"/health","statusCode":200,"durationMs":0.07834300000001804}
{"method":"GET","route":"/health","statusCode":200,"durationMs":0.07529200000010405}
{"method":"GET","route":"/health","statusCode":200,"durationMs":0.07045500000003813}
{"method":"GET","route":"/health","statusCode":200,"durationMs":0.079166999999984}
{"method":"GET","route":"/health","statusCode":200,"durationMs":0.08971900000005917}
{"method":"GET","route":"/health","statusCode":200,"durationMs":0.09027900000000955}
{"method":"GET","route":"/health","statusCode":200,"durationMs":0.07262500000001637}
{"method":"GET","route":"/health","statusCode":200,"durationMs":0.07200899999998}
{"method":"GET","route":"/health","statusCode":200,"durationMs":0.0700729999999794}
{"method":"GET","route":"/health","statusCode":200,"durationMs":0.13620900000000802}
{"method":"GET","route":"/health","statusCode":200,"durationMs":0.0962409999999636}
{"method":"GET","route":"/health","statusCode":200,"durationMs":0.08092699999997421}
{"method":"GET","route":"/health","statusCode":200,"durationMs":0.0945480000000316}
{"method":"GET","route":"/health","statusCode":200,"durationMs":0.12583399999994072}
{"method":"GET","route":"/health","statusCode":200,"durationMs":0.19318900000007488}
{"method":"GET","route":"/health","statusCode":200,"durationMs":0.08807200000001103}
{"method":"GET","route":"/health","statusCode":200,"durationMs":0.07484299999998711}
{"method":"GET","route":"/health","statusCode":200,"durationMs":0.11204399999996895}
{"method":"GET","route":"/health","statusCode":200,"durationMs":0.12225199999988945}
{"method":"GET","route":"/health","statusCode":200,"durationMs":0.08520599999997103}
{"method":"GET","route":"/health","statusCode":200,"durationMs":0.07273699999996097}
{"method":"GET","route":"/health","statusCode":200,"durationMs":0.09690200000000004}
{"method":"GET","route":"/health","statusCode":200,"durationMs":0.09453699999994569}
{"method":"GET","route":"/health","statusCode":200,"durationMs":0.09309400000006463}
{"method":"GET","route":"/health","statusCode":200,"durationMs":0.11881500000004053}
{"method":"GET","route":"/health","statusCode":200,"durationMs":0.07542699999999058}
{"method":"GET","route":"/health","statusCode":200,"durationMs":0.07722000000012486}
{"method":"GET","route":"/health","statusCode":200,"durationMs":0.07921999999985019}
{"method":"GET","route":"/health","statusCode":200,"durationMs":0.1925020000001041}
{"method":"GET","route":"/health","statusCode":200,"durationMs":0.10284099999989849}
{"method":"GET","route":"/health","statusCode":200,"durationMs":0.07647199999996701}
{"method":"GET","route":"/health","statusCode":200,"durationMs":0.07824200000004566}
{"method":"GET","route":"/health","statusCode":200,"durationMs":0.07227699999998549}
{"method":"GET","route":"/health","statusCode":200,"durationMs":0.07032500000013897}
{"method":"GET","route":"/health","statusCode":200,"durationMs":0.09190300000000207}
{"method":"GET","route":"/health","statusCode":200,"durationMs":0.0827630000001136}
{"method":"GET","route":"/health","statusCode":200,"durationMs":0.07717299999990246}
{"method":"GET","route":"/health","statusCode":200,"durationMs":0.07962900000006812}
{"method":"GET","route":"/health","statusCode":200,"durationMs":0.07257899999990514}
{"method":"GET","route":"/health","statusCode":200,"durationMs":0.0700329999999667}
{"method":"GET","route":"/health","statusCode":200,"durationMs":0.10237899999992806}
{"method":"GET","route":"/health","statusCode":200,"durationMs":0.07940800000005765}
{"method":"GET","route":"/health","statusCode":200,"durationMs":0.07574900000008711}
{"method":"GET","route":"/health","statusCode":200,"durationMs":0.1224170000000413}
{"method":"GET","route":"/health","statusCode":200,"durationMs":0.0734660000000531}
{"method":"GET","route":"/health","statusCode":200,"durationMs":0.09349900000006528}
{"method":"GET","route":"/health","statusCode":200,"durationMs":0.09267299999987699}
{"method":"GET","route":"/health","statusCode":200,"durationMs":0.07287700000006225}
{"method":"GET","route":"/health","statusCode":200,"durationMs":0.0816780000000108}
{"method":"GET","route":"/health","statusCode":200,"durationMs":0.09509299999990617}
{"method":"GET","route":"/health","statusCode":200,"durationMs":0.08383800000001429}
{"method":"GET","route":"/health","statusCode":200,"durationMs":0.06991500000003725}
{"method":"GET","route":"/health","statusCode":200,"durationMs":0.07034599999997226}
{"method":"GET","route":"/health","statusCode":200,"durationMs":0.06936199999995551}
{"method":"GET","route":"/health","statusCode":200,"durationMs":0.06934599999999591}
{"method":"GET","route":"/health","statusCode":200,"durationMs":0.08142900000007103}
{"method":"GET","route":"/health","statusCode":200,"durationMs":0.07132999999998901}
{"method":"GET","route":"/health","statusCode":200,"durationMs":0.07033000000001266}
{"method":"GET","route":"/health","statusCode":200,"durationMs":0.06857099999979255}
{"method":"GET","route":"/health","statusCode":200,"durationMs":0.06871599999999489}
{"method":"GET","route":"/health","statusCode":200,"durationMs":0.14359600000011596}
{"method":"GET","route":"/health","statusCode":200,"durationMs":0.17569800000001123}
{"method":"GET","route":"/health","statusCode":200,"durationMs":0.1646370000000843}
{"method":"GET","route":"/health","statusCode":200,"durationMs":0.16991399999983514}
{"method":"GET","route":"/health","statusCode":200,"durationMs":0.15261999999984255}
{"method":"GET","route":"/health","statusCode":200,"durationMs":0.17345299999988129}
{"method":"GET","route":"/health","statusCode":200,"durationMs":0.1890889999999672}
{"method":"GET","route":"/health","statusCode":200,"durationMs":0.16996399999993628}
{"method":"GET","route":"/health","statusCode":200,"durationMs":0.14267899999981637}
{"method":"GET","route":"/health","statusCode":200,"durationMs":0.15127499999994143}
{"method":"GET","route":"/health","statusCode":200,"durationMs":0.28874800000016876}
{"method":"GET","route":"/health","statusCode":200,"durationMs":0.1419700000001285}
{"method":"GET","route":"/health","statusCode":200,"durationMs":0.14512599999989106}
{"method":"GET","route":"/health","statusCode":200,"durationMs":0.1419909999999618}
{"method":"GET","route":"/health","statusCode":200,"durationMs":0.23299199999996745}
{"method":"GET","route":"/health","statusCode":200,"durationMs":0.14428700000007666}
{"method":"GET","route":"/health","statusCode":200,"durationMs":0.19011900000009518}
{"method":"GET","route":"/health","statusCode":200,"durationMs":0.1724260000000868}
{"method":"GET","route":"/health","statusCode":200,"durationMs":0.19941599999992832}
{"method":"GET","route":"/health","statusCode":200,"durationMs":0.22898699999996097}
{"method":"GET","route":"/health","statusCode":200,"durationMs":0.1502179999999953}
{"method":"GET","route":"/health","statusCode":200,"durationMs":0.14190800000005765}
{"method":"GET","route":"/health","statusCode":200,"durationMs":0.1745140000000447}
{"method":"GET","route":"/health","statusCode":200,"durationMs":0.1371400000000449}
{"method":"GET","route":"/health","statusCode":200,"durationMs":0.19748699999991004}
{"method":"GET","route":"/health","statusCode":200,"durationMs":0.15294199999993907}
{"method":"GET","route":"/health","statusCode":200,"durationMs":0.15947400000004563}
{"method":"GET","route":"/health","statusCode":200,"durationMs":0.185120999999981}
{"method":"GET","route":"/health","statusCode":200,"durationMs":0.13858600000003207}
{"method":"GET","route":"/health","statusCode":200,"durationMs":0.2188650000000507}
{"method":"GET","route":"/health","statusCode":200,"durationMs":0.16139099999986684}
{"method":"GET","route":"/health","statusCode":200,"durationMs":0.13595399999985602}
{"method":"GET","route":"/health","statusCode":200,"durationMs":0.1418140000000676}
{"method":"GET","route":"/health","statusCode":200,"durationMs":0.14217600000006314}
{"method":"GET","route":"/health","statusCode":200,"durationMs":0.2138800000000174}
{"method":"GET","route":"/health","statusCode":200,"durationMs":0.27284499999996115}
{"method":"GET","route":"/health","statusCode":200,"durationMs":0.1993649999999434}
{"method":"GET","route":"/health","statusCode":200,"durationMs":0.1641859999999724}
{"method":"GET","route":"/health","statusCode":200,"durationMs":0.16859999999996944}
{"method":"GET","route":"/health","statusCode":200,"durationMs":0.14294199999994817}
{"method":"GET","route":"/health","statusCode":200,"durationMs":0.14150100000006205}
{"method":"GET","route":"/health","statusCode":200,"durationMs":0.17346900000006826}
{"method":"GET","route":"/health","statusCode":200,"durationMs":0.1399900000001253}
{"method":"GET","route":"/health","statusCode":200,"durationMs":0.15430899999978465}
{"method":"GET","route":"/health","statusCode":200,"durationMs":0.19833100000005288}
{"method":"GET","route":"/health","statusCode":200,"durationMs":0.1381539999999859}
{"method":"GET","route":"/bank-lines","statusCode":200,"durationMs":37.55273000000011}
{"method":"GET","route":"/bank-lines","statusCode":200,"durationMs":28.24109199999998}
{"method":"GET","route":"/bank-lines","statusCode":200,"durationMs":35.31493599999999}
{"method":"GET","route":"/bank-lines","statusCode":200,"durationMs":33.530120000000124}
{"method":"GET","route":"/bank-lines","statusCode":200,"durationMs":29.281184999999823}
{"method":"GET","route":"/bank-lines","statusCode":200,"durationMs":28.21592399999986}
{"method":"GET","route":"/bank-lines","statusCode":200,"durationMs":33.341409999999996}
{"method":"GET","route":"/bank-lines","statusCode":200,"durationMs":36.16905799999995}
{"method":"GET","route":"/bank-lines","statusCode":200,"durationMs":28.452779999999848}
{"method":"GET","route":"/bank-lines","statusCode":200,"durationMs":33.313670999999886}
{"method":"GET","route":"/bank-lines","statusCode":200,"durationMs":38.06443300000001}
{"method":"GET","route":"/bank-lines","statusCode":200,"durationMs":30.97236900000007}
{"method":"GET","route":"/bank-lines","statusCode":200,"durationMs":35.98797200000013}
{"method":"GET","route":"/bank-lines","statusCode":200,"durationMs":29.111149999999952}
{"method":"GET","route":"/bank-lines","statusCode":200,"durationMs":37.46219999999994}
{"method":"GET","route":"/bank-lines","statusCode":200,"durationMs":38.106800999999905}
{"method":"GET","route":"/bank-lines","statusCode":200,"durationMs":37.01643400000012}
{"method":"GET","route":"/bank-lines","statusCode":200,"durationMs":35.341838999999936}
{"method":"GET","route":"/bank-lines","statusCode":200,"durationMs":35.191720999999916}
{"method":"GET","route":"/bank-lines","statusCode":200,"durationMs":35.15907100000004}
{"method":"GET","route":"/bank-lines","statusCode":200,"durationMs":32.40456099999983}
{"method":"GET","route":"/bank-lines","statusCode":200,"durationMs":38.073588999999856}
{"method":"GET","route":"/bank-lines","statusCode":200,"durationMs":31.045442999999977}
{"method":"GET","route":"/bank-lines","statusCode":200,"durationMs":28.058948999999984}
{"method":"GET","route":"/bank-lines","statusCode":200,"durationMs":29.010856999999987}
{"method":"GET","route":"/bank-lines","statusCode":200,"durationMs":28.949604000000136}
{"method":"GET","route":"/bank-lines","statusCode":200,"durationMs":38.02887899999996}
{"method":"GET","route":"/bank-lines","statusCode":200,"durationMs":34.99528299999997}
{"method":"GET","route":"/bank-lines","statusCode":200,"durationMs":32.94528300000002}
{"method":"GET","route":"/bank-lines","statusCode":200,"durationMs":30.987674000000197}
{"method":"GET","route":"/bank-lines","statusCode":200,"durationMs":36.20858499999986}
{"method":"GET","route":"/bank-lines","statusCode":200,"durationMs":30.109173000000283}
{"method":"GET","route":"/bank-lines","statusCode":200,"durationMs":30.077154000000064}
{"method":"GET","route":"/bank-lines","statusCode":200,"durationMs":28.99189000000024}
{"method":"GET","route":"/bank-lines","statusCode":200,"durationMs":36.179859000000306}
{"method":"GET","route":"/bank-lines","statusCode":200,"durationMs":33.32124700000031}
{"method":"GET","route":"/bank-lines","statusCode":200,"durationMs":30.06401900000037}
{"method":"GET","route":"/bank-lines","statusCode":200,"durationMs":38.176360000000386}
{"method":"GET","route":"/bank-lines","statusCode":200,"durationMs":28.018223000000035}
{"method":"GET","route":"/bank-lines","statusCode":200,"durationMs":34.173615000000154}
{"method":"GET","route":"/bank-lines","statusCode":200,"durationMs":30.08967500000017}
{"method":"GET","route":"/bank-lines","statusCode":200,"durationMs":29.184253999999783}
{"method":"GET","route":"/bank-lines","statusCode":200,"durationMs":37.09705299999996}
{"method":"GET","route":"/bank-lines","statusCode":200,"durationMs":35.09930899999972}
{"method":"GET","route":"/bank-lines","statusCode":200,"durationMs":35.01339100000041}
{"method":"GET","route":"/bank-lines","statusCode":200,"durationMs":34.28301099999999}
{"method":"GET","route":"/bank-lines","statusCode":200,"durationMs":34.10282199999983}
{"method":"GET","route":"/bank-lines","statusCode":200,"durationMs":36.34051700000009}
{"method":"GET","route":"/bank-lines","statusCode":200,"durationMs":37.06578900000022}
{"method":"GET","route":"/bank-lines","statusCode":200,"durationMs":37.197491999999784}
{"method":"GET","route":"/bank-lines","statusCode":200,"durationMs":28.072173999999904}
{"method":"GET","route":"/bank-lines","statusCode":200,"durationMs":35.32870600000024}
{"method":"GET","route":"/bank-lines","statusCode":200,"durationMs":34.20290900000009}
{"method":"GET","route":"/bank-lines","statusCode":200,"durationMs":38.038043000000016}
{"method":"GET","route":"/bank-lines","statusCode":200,"durationMs":29.04304400000001}
{"method":"GET","route":"/bank-lines","statusCode":200,"durationMs":31.171186000000034}
{"method":"GET","route":"/bank-lines","statusCode":200,"durationMs":38.54808699999967}
{"method":"GET","route":"/bank-lines","statusCode":200,"durationMs":30.5248959999999}
{"method":"GET","route":"/bank-lines","statusCode":200,"durationMs":34.071867999999995}
{"method":"GET","route":"/bank-lines","statusCode":200,"durationMs":35.11082299999998}
{"method":"GET","route":"/bank-lines","statusCode":200,"durationMs":38.032536000000164}
{"method":"GET","route":"/bank-lines","statusCode":200,"durationMs":31.00438699999995}
{"method":"GET","route":"/bank-lines","statusCode":200,"durationMs":36.187112999999954}
{"method":"GET","route":"/bank-lines","statusCode":200,"durationMs":38.08146099999976}
{"method":"GET","route":"/bank-lines","statusCode":200,"durationMs":29.029500999999982}
{"method":"GET","route":"/bank-lines","statusCode":200,"durationMs":32.123409000000265}
{"method":"GET","route":"/bank-lines","statusCode":200,"durationMs":29.22761500000024}
{"method":"GET","route":"/bank-lines","statusCode":200,"durationMs":31.342421999999715}
{"method":"GET","route":"/bank-lines","statusCode":200,"durationMs":30.087138000000323}
{"method":"GET","route":"/bank-lines","statusCode":200,"durationMs":37.09543199999962}
{"method":"GET","route":"/bank-lines","statusCode":200,"durationMs":35.35538900000029}
{"method":"GET","route":"/bank-lines","statusCode":200,"durationMs":34.22744299999977}
{"method":"GET","route":"/bank-lines","statusCode":200,"durationMs":34.8940419999999}
{"method":"GET","route":"/bank-lines","statusCode":200,"durationMs":36.987759000000096}
{"method":"GET","route":"/bank-lines","statusCode":200,"durationMs":30.20482099999981}
{"method":"GET","route":"/bank-lines","statusCode":200,"durationMs":30.98685999999998}
{"method":"GET","route":"/bank-lines","statusCode":200,"durationMs":37.082236000000194}
{"method":"GET","route":"/bank-lines","statusCode":200,"durationMs":32.04866300000003}
{"method":"GET","route":"/bank-lines","statusCode":200,"durationMs":36.243774999999914}
{"method":"GET","route":"/bank-lines","statusCode":200,"durationMs":33.09424899999976}
{"method":"GET","route":"/bank-lines","statusCode":200,"durationMs":33.117067000000134}
{"method":"GET","route":"/bank-lines","statusCode":200,"durationMs":34.0425680000003}
{"method":"GET","route":"/bank-lines","statusCode":200,"durationMs":31.04817099999991}
{"method":"GET","route":"/bank-lines","statusCode":200,"durationMs":30.08849599999985}
{"method":"GET","route":"/bank-lines","statusCode":200,"durationMs":35.17990000000009}
{"method":"GET","route":"/bank-lines","statusCode":200,"durationMs":29.022877999999764}
{"method":"GET","route":"/bank-lines","statusCode":200,"durationMs":32.233322000000044}
{"method":"GET","route":"/bank-lines","statusCode":200,"durationMs":34.966837999999825}
{"method":"GET","route":"/bank-lines","statusCode":200,"durationMs":28.949760999999853}
{"method":"GET","route":"/bank-lines","statusCode":200,"durationMs":36.10561099999995}
{"method":"GET","route":"/bank-lines","statusCode":200,"durationMs":34.2772700000005}
{"method":"GET","route":"/bank-lines","statusCode":200,"durationMs":36.558194999999614}
{"method":"GET","route":"/bank-lines","statusCode":200,"durationMs":32.11863699999958}
{"method":"GET","route":"/bank-lines","statusCode":200,"durationMs":28.97573199999988}
{"method":"GET","route":"/bank-lines","statusCode":200,"durationMs":37.07328000000052}
{"method":"GET","route":"/bank-lines","statusCode":200,"durationMs":38.1162260000001}
{"method":"GET","route":"/bank-lines","statusCode":200,"durationMs":38.25656900000013}
{"method":"GET","route":"/bank-lines","statusCode":200,"durationMs":34.36888799999997}
{"method":"GET","route":"/bank-lines","statusCode":200,"durationMs":35.50696500000049}
{"method":"GET","route":"/bank-lines","statusCode":200,"durationMs":35.69449600000007}
{"method":"GET","route":"/bank-lines","statusCode":200,"durationMs":34.593276000000515}
{"method":"GET","route":"/bank-lines","statusCode":200,"durationMs":37.40016900000046}
{"method":"GET","route":"/bank-lines","statusCode":200,"durationMs":37.43140900000071}
{"method":"GET","route":"/bank-lines","statusCode":200,"durationMs":36.50270600000022}
{"method":"GET","route":"/bank-lines","statusCode":200,"durationMs":32.65409500000078}
{"method":"GET","route":"/bank-lines","statusCode":200,"durationMs":34.62762400000065}
{"method":"GET","route":"/bank-lines","statusCode":200,"durationMs":36.283454999999776}
{"method":"GET","route":"/bank-lines","statusCode":200,"durationMs":30.310284999999567}
{"method":"GET","route":"/bank-lines","statusCode":200,"durationMs":32.4175239999995}
{"method":"GET","route":"/bank-lines","statusCode":200,"durationMs":36.92509799999971}
{"method":"GET","route":"/bank-lines","statusCode":200,"durationMs":31.58388399999967}
{"method":"GET","route":"/bank-lines","statusCode":200,"durationMs":31.760346000000027}
{"method":"GET","route":"/bank-lines","statusCode":200,"durationMs":37.39192399999956}
{"method":"GET","route":"/bank-lines","statusCode":200,"durationMs":33.38484700000026}
{"method":"GET","route":"/bank-lines","statusCode":200,"durationMs":28.310354999999618}
{"method":"GET","route":"/bank-lines","statusCode":200,"durationMs":38.61564300000009}
{"method":"GET","route":"/bank-lines","statusCode":200,"durationMs":33.40476800000033}
{"method":"GET","route":"/bank-lines","statusCode":200,"durationMs":29.888216999999713}
{"method":"GET","route":"/bank-lines","statusCode":200,"durationMs":36.93571599999996}
{"method":"GET","route":"/bank-lines","statusCode":200,"durationMs":30.297241000000213}
{"method":"GET","route":"/bank-lines","statusCode":200,"durationMs":30.236030000000028}
{"method":"GET","route":"/bank-lines","statusCode":200,"durationMs":28.124667000000045}
{"method":"GET","route":"/bank-lines","statusCode":200,"durationMs":33.11567500000001}
{"method":"GET","route":"/bank-lines","statusCode":200,"durationMs":32.72301300000072}
{"method":"GET","route":"/bank-lines","statusCode":200,"durationMs":37.55079400000068}
{"method":"GET","route":"/bank-lines","statusCode":200,"durationMs":31.413040999999794}
{"method":"GET","route":"/bank-lines","statusCode":200,"durationMs":33.78307500000028}
{"method":"GET","route":"/bank-lines","statusCode":200,"durationMs":29.42851100000007}
{"method":"GET","route":"/bank-lines","statusCode":200,"durationMs":35.46951700000045}
{"method":"GET","route":"/bank-lines","statusCode":200,"durationMs":32.49065100000007}
{"method":"GET","route":"/bank-lines","statusCode":200,"durationMs":38.694518000000244}
{"method":"GET","route":"/bank-lines","statusCode":200,"durationMs":33.40947200000028}
{"method":"GET","route":"/bank-lines","statusCode":200,"durationMs":36.86828400000013}
{"method":"GET","route":"/bank-lines","statusCode":200,"durationMs":35.74403100000018}
{"method":"GET","route":"/bank-lines","statusCode":200,"durationMs":34.73167699999976}
{"method":"GET","route":"/bank-lines","statusCode":200,"durationMs":30.412752000000182}
{"method":"GET","route":"/bank-lines","statusCode":200,"durationMs":33.47728300000017}
{"method":"GET","route":"/bank-lines","statusCode":200,"durationMs":29.245535999999447}
{"method":"GET","route":"/bank-lines","statusCode":200,"durationMs":38.43015899999955}
{"method":"GET","route":"/bank-lines","statusCode":200,"durationMs":36.17286199999944}
{"method":"GET","route":"/users","statusCode":200,"durationMs":21.701318000000356}
{"method":"GET","route":"/users","statusCode":200,"durationMs":20.29392000000007}
{"method":"GET","route":"/users","statusCode":200,"durationMs":19.375139999999192}
{"method":"GET","route":"/users","statusCode":200,"durationMs":24.223579999999856}
{"method":"GET","route":"/users","statusCode":200,"durationMs":22.168174000000363}
{"method":"GET","route":"/users","statusCode":200,"durationMs":21.544920000000275}
{"method":"GET","route":"/users","statusCode":200,"durationMs":21.82544400000006}
{"method":"GET","route":"/users","statusCode":200,"durationMs":20.607770999999957}
{"method":"GET","route":"/users","statusCode":200,"durationMs":22.334420999999566}
{"method":"GET","route":"/users","statusCode":200,"durationMs":23.936735000000226}
{"method":"GET","route":"/users","statusCode":200,"durationMs":24.290995999999723}
{"method":"GET","route":"/users","statusCode":200,"durationMs":21.187660999999935}
{"method":"GET","route":"/users","statusCode":200,"durationMs":21.17316800000026}
{"method":"GET","route":"/users","statusCode":200,"durationMs":21.279294999999365}
{"method":"GET","route":"/users","statusCode":200,"durationMs":23.387645000000703}
{"method":"GET","route":"/users","statusCode":200,"durationMs":21.508845000000292}
{"method":"GET","route":"/users","statusCode":200,"durationMs":18.389860000000226}
{"method":"GET","route":"/users","statusCode":200,"durationMs":20.402673999999934}
{"method":"GET","route":"/users","statusCode":200,"durationMs":22.452574000000823}
{"method":"GET","route":"/users","statusCode":200,"durationMs":20.30992100000003}
{"method":"GET","route":"/users","statusCode":200,"durationMs":19.558963000000404}
{"method":"GET","route":"/users","statusCode":200,"durationMs":18.530722999999853}
{"method":"GET","route":"/users","statusCode":200,"durationMs":25.041905000000042}
{"method":"GET","route":"/users","statusCode":200,"durationMs":19.293384000000515}
{"method":"GET","route":"/users","statusCode":200,"durationMs":19.414475999999922}
{"method":"GET","route":"/users","statusCode":200,"durationMs":23.395370000000185}
{"method":"GET","route":"/users","statusCode":200,"durationMs":22.020368999999846}
{"method":"GET","route":"/users","statusCode":200,"durationMs":21.254640999999538}
{"method":"GET","route":"/users","statusCode":200,"durationMs":24.19810200000029}
{"method":"GET","route":"/users","statusCode":200,"durationMs":23.259366000000227}
{"method":"GET","route":"/users","statusCode":200,"durationMs":24.547695999999632}
{"method":"GET","route":"/users","statusCode":200,"durationMs":23.37914600000022}
{"method":"GET","route":"/users","statusCode":200,"durationMs":24.248592000000826}
{"method":"GET","route":"/users","statusCode":200,"durationMs":24.35128099999929}
{"method":"GET","route":"/users","statusCode":200,"durationMs":20.37925499999983}
{"method":"GET","route":"/users","statusCode":200,"durationMs":20.20444099999986}
{"method":"GET","route":"/users","statusCode":200,"durationMs":22.945448000000397}
{"method":"GET","route":"/users","statusCode":200,"durationMs":19.47677400000066}
{"method":"GET","route":"/users","statusCode":200,"durationMs":24.323546999999962}
{"method":"GET","route":"/users","statusCode":200,"durationMs":19.336436999999933}
{"method":"GET","route":"/users","statusCode":200,"durationMs":20.258006000000023}
{"method":"GET","route":"/users","statusCode":200,"durationMs":20.15330399999948}
{"method":"GET","route":"/users","statusCode":200,"durationMs":19.44430100000045}
{"method":"GET","route":"/users","statusCode":200,"durationMs":19.65965800000049}
{"method":"GET","route":"/users","statusCode":200,"durationMs":19.76611099999991}
{"method":"GET","route":"/users","statusCode":200,"durationMs":21.55457800000022}
{"method":"GET","route":"/users","statusCode":200,"durationMs":22.63529799999924}
{"method":"GET","route":"/users","statusCode":200,"durationMs":19.241062000000056}
{"method":"GET","route":"/users","statusCode":200,"durationMs":23.172676000000138}
{"method":"GET","route":"/users","statusCode":200,"durationMs":23.910483000000568}
{"method":"GET","route":"/users","statusCode":200,"durationMs":21.20506000000023}
{"method":"GET","route":"/users","statusCode":200,"durationMs":23.85634900000059}
{"method":"GET","route":"/users","statusCode":200,"durationMs":19.883757999999943}
{"method":"GET","route":"/users","statusCode":200,"durationMs":22.457808999999543}
{"method":"GET","route":"/users","statusCode":200,"durationMs":20.342114999999467}
{"method":"GET","route":"/users","statusCode":200,"durationMs":18.28023200000007}
{"method":"GET","route":"/users","statusCode":200,"durationMs":22.298659000000043}
{"method":"GET","route":"/users","statusCode":200,"durationMs":20.506804000000557}
{"method":"GET","route":"/users","statusCode":200,"durationMs":23.060711999999512}
{"method":"GET","route":"/users","statusCode":200,"durationMs":24.174949000000197}
{"method":"GET","route":"/users","statusCode":200,"durationMs":23.491049999999632}
{"method":"GET","route":"/users","statusCode":200,"durationMs":22.051405999999588}
{"method":"GET","route":"/users","statusCode":200,"durationMs":19.981716999999662}
{"method":"GET","route":"/users","statusCode":200,"durationMs":22.98687400000017}
{"method":"GET","route":"/users","statusCode":200,"durationMs":18.99978899999951}
{"method":"GET","route":"/users","statusCode":200,"durationMs":18.962171999999555}
{"method":"GET","route":"/users","statusCode":200,"durationMs":20.089170000000195}
{"method":"GET","route":"/users","statusCode":200,"durationMs":20.15560600000026}
{"method":"GET","route":"/users","statusCode":200,"durationMs":19.004839999999604}
{"method":"GET","route":"/users","statusCode":200,"durationMs":23.087518999999702}
{"method":"GET","route":"/users","statusCode":200,"durationMs":24.209208999999646}
{"method":"GET","route":"/users","statusCode":200,"durationMs":19.129933999999594}
{"method":"GET","route":"/users","statusCode":200,"durationMs":23.953746000000137}
{"method":"GET","route":"/users","statusCode":200,"durationMs":19.017352000000756}
{"method":"GET","route":"/users","statusCode":200,"durationMs":20.87728100000004}
{"method":"GET","route":"/users","statusCode":200,"durationMs":20.26637600000049}
{"method":"GET","route":"/users","statusCode":200,"durationMs":20.016171999999642}
{"method":"GET","route":"/users","statusCode":200,"durationMs":19.009853999999905}
{"method":"GET","route":"/users","statusCode":200,"durationMs":24.027391999999963}
{"method":"GET","route":"/users","statusCode":200,"durationMs":22.005855999999767}
{"method":"GET","route":"/users","statusCode":200,"durationMs":21.025854999999865}
{"method":"GET","route":"/users","statusCode":200,"durationMs":18.624743999999737}
{"method":"GET","route":"/users","statusCode":200,"durationMs":23.28693800000019}
{"method":"GET","route":"/users","statusCode":200,"durationMs":24.082914999999957}
{"method":"GET","route":"/users","statusCode":200,"durationMs":21.97486200000003}
{"method":"GET","route":"/users","statusCode":200,"durationMs":21.154685999999856}
{"method":"GET","route":"/users","statusCode":200,"durationMs":19.382582000000184}
{"method":"GET","route":"/users","statusCode":200,"durationMs":21.583104000000276}
{"method":"GET","route":"/users","statusCode":200,"durationMs":23.071570000000065}
{"method":"GET","route":"/users","statusCode":200,"durationMs":18.12993000000006}
{"method":"POST","route":"/bank-lines","statusCode":201,"durationMs":48.39292000000023}
{"method":"POST","route":"/bank-lines","statusCode":201,"durationMs":50.19972200000029}
{"method":"POST","route":"/bank-lines","statusCode":201,"durationMs":55.84037999999964}
{"method":"POST","route":"/bank-lines","statusCode":201,"durationMs":56.79435099999955}
{"method":"POST","route":"/bank-lines","statusCode":201,"durationMs":55.82061900000008}
{"method":"POST","route":"/bank-lines","statusCode":201,"durationMs":46.546980999999505}
{"method":"POST","route":"/bank-lines","statusCode":201,"durationMs":52.48786299999938}
{"method":"POST","route":"/bank-lines","statusCode":201,"durationMs":56.69013900000027}
{"method":"POST","route":"/bank-lines","statusCode":201,"durationMs":46.85163199999988}
{"method":"POST","route":"/bank-lines","statusCode":201,"durationMs":49.659083999998984}
{"method":"POST","route":"/bank-lines","statusCode":201,"durationMs":53.4118580000013}
{"method":"POST","route":"/bank-lines","statusCode":201,"durationMs":55.15611700000045}
{"method":"POST","route":"/bank-lines","statusCode":201,"durationMs":44.80565000000024}
{"method":"POST","route":"/bank-lines","statusCode":201,"durationMs":53.731502000000546}
{"method":"POST","route":"/bank-lines","statusCode":201,"durationMs":55.2308780000003}
{"method":"POST","route":"/bank-lines","statusCode":201,"durationMs":47.805748000000676}
{"method":"POST","route":"/bank-lines","statusCode":201,"durationMs":55.49398900000051}
{"method":"POST","route":"/bank-lines","statusCode":201,"durationMs":54.55351499999961}
{"method":"POST","route":"/bank-lines","statusCode":201,"durationMs":53.41432699999859}
{"method":"POST","route":"/bank-lines","statusCode":201,"durationMs":54.31344900000113}
{"method":"POST","route":"/bank-lines","statusCode":201,"durationMs":55.300161000001026}
{"method":"POST","route":"/bank-lines","statusCode":201,"durationMs":48.721802999998545}
{"method":"POST","route":"/bank-lines","statusCode":201,"durationMs":45.63640099999975}
{"method":"POST","route":"/bank-lines","statusCode":201,"durationMs":53.63741900000059}
{"method":"POST","route":"/bank-lines","statusCode":201,"durationMs":47.43084099999942}
{"method":"POST","route":"/bank-lines","statusCode":201,"durationMs":52.35356899999897}
{"method":"POST","route":"/bank-lines","statusCode":201,"durationMs":49.25399099999959}
{"method":"POST","route":"/bank-lines","statusCode":201,"durationMs":55.47425199999998}
{"method":"POST","route":"/bank-lines","statusCode":201,"durationMs":45.38485500000024}
{"method":"POST","route":"/bank-lines","statusCode":201,"durationMs":53.29836500000056}
{"method":"POST","route":"/bank-lines","statusCode":201,"durationMs":45.61488400000053}
{"method":"POST","route":"/bank-lines","statusCode":201,"durationMs":49.47893599999952}
{"method":"POST","route":"/bank-lines","statusCode":201,"durationMs":47.55986200000007}
{"method":"POST","route":"/bank-lines","statusCode":201,"durationMs":43.452134999999544}
{"method":"POST","route":"/bank-lines","statusCode":201,"durationMs":48.934424999999464}
{"method":"POST","route":"/bank-lines","statusCode":201,"durationMs":45.74812900000143}
{"method":"POST","route":"/bank-lines","statusCode":201,"durationMs":51.59515499999907}
{"method":"POST","route":"/bank-lines","statusCode":201,"durationMs":49.66366899999957}
{"method":"POST","route":"/bank-lines","statusCode":201,"durationMs":50.40400000000045}
{"method":"POST","route":"/bank-lines","statusCode":201,"durationMs":49.468385999998645}
{"method":"POST","route":"/bank-lines","statusCode":201,"durationMs":49.514649000000645}
{"method":"POST","route":"/bank-lines","statusCode":201,"durationMs":54.66378800000166}
{"method":"POST","route":"/bank-lines","statusCode":201,"durationMs":53.57676899999933}
{"method":"POST","route":"/bank-lines","statusCode":201,"durationMs":47.37389400000029}
{"method":"POST","route":"/bank-lines","statusCode":201,"durationMs":47.43681300000026}
{"method":"POST","route":"/bank-lines","statusCode":201,"durationMs":51.33596899999975}
{"method":"POST","route":"/bank-lines","statusCode":201,"durationMs":52.440167000000656}
{"method":"POST","route":"/bank-lines","statusCode":201,"durationMs":44.581717999999455}
{"method":"POST","route":"/bank-lines","statusCode":201,"durationMs":56.39367400000083}
{"method":"POST","route":"/bank-lines","statusCode":201,"durationMs":46.62549600000057}
{"method":"POST","route":"/bank-lines","statusCode":201,"durationMs":43.627151000000595}
{"method":"POST","route":"/bank-lines","statusCode":201,"durationMs":53.869604999999865}
{"method":"POST","route":"/bank-lines","statusCode":201,"durationMs":56.58666400000038}
{"method":"POST","route":"/bank-lines","statusCode":201,"durationMs":56.23259599999983}
{"method":"POST","route":"/bank-lines","statusCode":201,"durationMs":45.81517200000053}
{"method":"POST","route":"/bank-lines","statusCode":201,"durationMs":51.45559200000025}
{"method":"POST","route":"/bank-lines","statusCode":201,"durationMs":63.48149300000114}
{"method":"POST","route":"/bank-lines","statusCode":201,"durationMs":56.44994199999928}
{"method":"POST","route":"/bank-lines","statusCode":201,"durationMs":53.52107200000137}
{"method":"POST","route":"/bank-lines","statusCode":201,"durationMs":44.402186999999685}
